2024-09-22 14:11:12.474 [info] Extension host with pid 299 started
2024-09-22 14:11:12.474 [error] Error: EEXIST: file already exists, open '/workspaces/home.sumati-balwan.laravel/.vscode-server-insiders/data/User/workspaceStorage/9b671ad854542ab109ae30a0126dcfdb/vscode.lock'
2024-09-22 14:11:12.488 [info] Lock '/workspaces/home.sumati-balwan.laravel/.vscode-server-insiders/data/User/workspaceStorage/9b671ad854542ab109ae30a0126dcfdb/vscode.lock': Could not acquire lock, checking if the file is stale.
2024-09-22 14:11:12.505 [info] Lock '/workspaces/home.sumati-balwan.laravel/.vscode-server-insiders/data/User/workspaceStorage/9b671ad854542ab109ae30a0126dcfdb/vscode.lock': The lockfile is scheduled to have been released.
2024-09-22 14:11:12.506 [info] Lock '/workspaces/home.sumati-balwan.laravel/.vscode-server-insiders/data/User/workspaceStorage/9b671ad854542ab109ae30a0126dcfdb/vscode.lock': Deleting a stale lock.
2024-09-22 14:11:12.526 [info] Lock '/workspaces/home.sumati-balwan.laravel/.vscode-server-insiders/data/User/workspaceStorage/9b671ad854542ab109ae30a0126dcfdb/vscode.lock': Lock acquired.
2024-09-22 14:11:12.827 [info] ExtensionService#_doActivateExtension vscode.emmet, startup: false, activationEvent: 'onLanguage'
2024-09-22 14:11:12.828 [info] ExtensionService#_doActivateExtension vscode.tunnel-forwarding, startup: false, activationEvent: 'onTunnel'
2024-09-22 14:11:12.829 [info] ExtensionService#_doActivateExtension vscode.configuration-editing, startup: false, activationEvent: 'onLanguage:jsonc'
2024-09-22 14:11:12.830 [info] ExtensionService#_doActivateExtension vscode.json-language-features, startup: false, activationEvent: 'onLanguage:jsonc'
2024-09-22 14:11:12.832 [info] ExtensionService#_doActivateExtension vscode.typescript-language-features, startup: false, activationEvent: 'onLanguage:jsonc'
2024-09-22 14:11:13.894 [info] ExtensionService#_doActivateExtension vscode.git-base, startup: true, activationEvent: '*', root cause: vscode.git
2024-09-22 14:11:14.393 [info] ExtensionService#_doActivateExtension vscode.git, startup: true, activationEvent: '*'
2024-09-22 14:11:14.394 [info] ExtensionService#_doActivateExtension vscode.github, startup: true, activationEvent: '*'
2024-09-22 14:11:14.723 [info] Eager extensions activated
2024-09-22 14:11:14.723 [info] ExtensionService#_doActivateExtension vscode.debug-auto-launch, startup: false, activationEvent: 'onStartupFinished'
2024-09-22 14:11:14.724 [info] ExtensionService#_doActivateExtension vscode.merge-conflict, startup: false, activationEvent: 'onStartupFinished'
2024-09-22 14:11:21.984 [info] ExtensionService#_doActivateExtension ms-azuretools.vscode-docker, startup: false, activationEvent: 'onLanguage:dockercompose'
2024-09-22 14:11:56.828 [info] ExtensionService#_doActivateExtension vscode.npm, startup: false, activationEvent: 'onTerminalQuickFixRequest:ms-vscode.npm-command'
2024-09-22 14:12:02.206 [info] ExtensionService#_doActivateExtension vscode.extension-editing, startup: false, activationEvent: 'onLanguage:json'
2024-09-22 14:17:16.442 [info] Extension host terminating: received terminate message from renderer
2024-09-22 14:17:16.448 [info] Lock '/workspaces/home.sumati-balwan.laravel/.vscode-server-insiders/data/User/workspaceStorage/9b671ad854542ab109ae30a0126dcfdb/vscode.lock': Marking the lockfile as scheduled to be released in 6000 ms.
2024-09-22 14:17:16.625 [info] Extension host with pid 299 exiting with code 0
