2024-09-22 16:41:55.123 [info] Extension host with pid 282 started
2024-09-22 16:41:55.229 [info] ExtensionService#_doActivateExtension vscode.tunnel-forwarding, startup: false, activationEvent: 'onTunnel'
2024-09-22 16:41:55.307 [info] Lock '/workspaces/home.sumati-balwan.laravel/.vscode-server-insiders/data/User/workspaceStorage/75c6cff265e993055a3a51ebb63fbeac/vscode.lock': Lock acquired.
2024-09-22 16:41:55.442 [info] ExtensionService#_doActivateExtension vscode.git-base, startup: true, activationEvent: '*', root cause: vscode.git
2024-09-22 16:41:55.468 [info] ExtensionService#_doActivateExtension vscode.git, startup: true, activationEvent: '*'
2024-09-22 16:41:55.473 [info] ExtensionService#_doActivateExtension vscode.github, startup: true, activationEvent: '*'
2024-09-22 16:41:56.070 [info] Eager extensions activated
2024-09-22 16:41:56.071 [info] ExtensionService#_doActivateExtension vscode.debug-auto-launch, startup: false, activationEvent: 'onStartupFinished'
2024-09-22 16:41:56.073 [info] ExtensionService#_doActivateExtension vscode.merge-conflict, startup: false, activationEvent: 'onStartupFinished'
2024-09-22 16:41:57.209 [info] Extension host terminating: received terminate message from renderer
2024-09-22 16:41:57.210 [info] Lock '/workspaces/home.sumati-balwan.laravel/.vscode-server-insiders/data/User/workspaceStorage/75c6cff265e993055a3a51ebb63fbeac/vscode.lock': Marking the lockfile as scheduled to be released in 6000 ms.
2024-09-22 16:41:57.321 [error] ProxyResolver#addCertificatesV1 Canceled: Canceled
	at new XD (file:///vscode/vscode-server-insiders/bin/linux-x64/527e41ff551bb1001d2f224c2dec2e2ea3b66832-insider/out/vs/workbench/api/node/extensionHostProcess.js:29:151734)
	at Qb.U (file:///vscode/vscode-server-insiders/bin/linux-x64/527e41ff551bb1001d2f224c2dec2e2ea3b66832-insider/out/vs/workbench/api/node/extensionHostProcess.js:29:156346)
	at s.<computed>.n.charCodeAt.s.<computed> (file:///vscode/vscode-server-insiders/bin/linux-x64/527e41ff551bb1001d2f224c2dec2e2ea3b66832-insider/out/vs/workbench/api/node/extensionHostProcess.js:29:153840)
	at d0.loadCertificates (file:///vscode/vscode-server-insiders/bin/linux-x64/527e41ff551bb1001d2f224c2dec2e2ea3b66832-insider/out/vs/workbench/api/node/extensionHostProcess.js:107:52856)
	at Object.loadAdditionalCertificates (file:///vscode/vscode-server-insiders/bin/linux-x64/527e41ff551bb1001d2f224c2dec2e2ea3b66832-insider/out/vs/workbench/api/node/extensionHostProcess.js:156:2066)
	at /vscode/vscode-server-insiders/bin/linux-x64/527e41ff551bb1001d2f224c2dec2e2ea3b66832-insider/node_modules/@vscode/proxy-agent/out/index.js:500:53
	at Generator.next (<anonymous>)
	at /vscode/vscode-server-insiders/bin/linux-x64/527e41ff551bb1001d2f224c2dec2e2ea3b66832-insider/node_modules/@vscode/proxy-agent/out/index.js:35:71
	at new Promise (<anonymous>)
	at __awaiter (/vscode/vscode-server-insiders/bin/linux-x64/527e41ff551bb1001d2f224c2dec2e2ea3b66832-insider/node_modules/@vscode/proxy-agent/out/index.js:31:12)
	at /vscode/vscode-server-insiders/bin/linux-x64/527e41ff551bb1001d2f224c2dec2e2ea3b66832-insider/node_modules/@vscode/proxy-agent/out/index.js:499:43
	at /vscode/vscode-server-insiders/bin/linux-x64/527e41ff551bb1001d2f224c2dec2e2ea3b66832-insider/node_modules/@vscode/proxy-agent/out/index.js:501:16
	at Generator.next (<anonymous>)
	at /vscode/vscode-server-insiders/bin/linux-x64/527e41ff551bb1001d2f224c2dec2e2ea3b66832-insider/node_modules/@vscode/proxy-agent/out/index.js:35:71
	at new Promise (<anonymous>)
	at __awaiter (/vscode/vscode-server-insiders/bin/linux-x64/527e41ff551bb1001d2f224c2dec2e2ea3b66832-insider/node_modules/@vscode/proxy-agent/out/index.js:31:12)
	at getOrLoadAdditionalCertificates (/vscode/vscode-server-insiders/bin/linux-x64/527e41ff551bb1001d2f224c2dec2e2ea3b66832-insider/node_modules/@vscode/proxy-agent/out/index.js:497:12)
	at addCertificatesV1 (/vscode/vscode-server-insiders/bin/linux-x64/527e41ff551bb1001d2f224c2dec2e2ea3b66832-insider/node_modules/@vscode/proxy-agent/out/index.js:481:9)
	at resolveProxy (/vscode/vscode-server-insiders/bin/linux-x64/527e41ff551bb1001d2f224c2dec2e2ea3b66832-insider/node_modules/@vscode/proxy-agent/out/index.js:113:9)
	at /vscode/vscode-server-insiders/bin/linux-x64/527e41ff551bb1001d2f224c2dec2e2ea3b66832-insider/node_modules/@vscode/proxy-agent/out/index.js:325:77
	at new Promise (<anonymous>)
	at _PacProxyAgent.resolveP [as resolver] (/vscode/vscode-server-insiders/bin/linux-x64/527e41ff551bb1001d2f224c2dec2e2ea3b66832-insider/node_modules/@vscode/proxy-agent/out/index.js:325:54)
	at _PacProxyAgent.<anonymous> (/vscode/vscode-server-insiders/bin/linux-x64/527e41ff551bb1001d2f224c2dec2e2ea3b66832-insider/node_modules/@vscode/proxy-agent/out/agent.js:70:37)
	at Generator.next (<anonymous>)
	at /vscode/vscode-server-insiders/bin/linux-x64/527e41ff551bb1001d2f224c2dec2e2ea3b66832-insider/node_modules/@vscode/proxy-agent/out/agent.js:8:71
	at new Promise (<anonymous>)
	at __awaiter (/vscode/vscode-server-insiders/bin/linux-x64/527e41ff551bb1001d2f224c2dec2e2ea3b66832-insider/node_modules/@vscode/proxy-agent/out/agent.js:4:12)
	at _PacProxyAgent.connect (/vscode/vscode-server-insiders/bin/linux-x64/527e41ff551bb1001d2f224c2dec2e2ea3b66832-insider/node_modules/@vscode/proxy-agent/out/agent.js:52:16)
	at /vscode/vscode-server-insiders/bin/linux-x64/527e41ff551bb1001d2f224c2dec2e2ea3b66832-insider/node_modules/agent-base/dist/index.js:132:30
	at process.processTicksAndRejections (node:internal/process/task_queues:95:5)
2024-09-22 16:41:57.322 [info] Extension host with pid 282 exiting with code 0
